zprofile:~/.zprofile
nvimrc:~/.config/nvim/init.vim
tmux:~/.config/tmux/tmux.conf
sxhkd:~/.config/sxhkd/sxhkdrc
termite:~/.config/termite/config
vifm:~/.config/vifmrc
polybar:~/.config/polybar/config
aliases:~/.config/aliases/aliases
bspwm:~/.config/bspwm/bspwmrc
i3blocks:~/.config/i3blocks/config
i3:~/.config/i3/config
git:~/.config/git/config
zshrc:~/.config/zsh/.zshrc
alacritty:~/.config/alacritty/alacritty.yml
gtk3:~/.config/gtk-3.0/settings.ini
autostart:~/.config/bspwm/autostart.sh
xinitrc:~/.config/xinitrc
xprofile:~/.config/xprofile
config_list:~/.config/sxhkd
dunst:~/.config/dunst/dunstrc
st:~/.local/src/st/config.h
dwm:~/.local/src/dwm/config.h
dwmblocks:~/.local/src/dwmblocks/config.h

